2021-11-11 13:47:11 DEBUG UserServiceImpl:68 - Call method findAll()
2021-11-11 13:47:11 DEBUG UserServiceImpl:73 - Users are [User(id=2000, name=Dennis, surname=Yudin, email=dennisYudin@mail.ru, login=Big boss, password=0000, type=customer), User(id=2001, name=Mark, surname=Batmanov, email=redDragon@mail.ru, login=HelloWorld, password=1234, type=customer)]
2021-11-11 13:47:11 DEBUG UserServiceImpl:131 - Call method assignEvent() for user id = 2001 and event id = 1001
2021-11-11 13:47:11 DEBUG UserServiceImpl:135 - Event with id = 1001 is added in DB
2021-11-11 13:47:11 DEBUG UserServiceImpl:113 - Call method getAllEventsByUserId() with id = -1
2021-11-11 13:47:11 DEBUG UserServiceImpl:59 - Call method validateId() with id = -1
2021-11-11 13:47:11 ERROR UserServiceImpl:61 - id can not be less or equals zero
2021-11-11 13:47:11 DEBUG UserServiceImpl:144 - Call method removeEvent() for user id = 2000 and event id = 1000
2021-11-11 13:47:11 DEBUG UserServiceImpl:148 - Event with id = 1000 is deleted in DB
2021-11-11 13:47:11 DEBUG UserServiceImpl:84 - Call method save() for user with id = 2000
2021-11-11 13:47:11 DEBUG UserServiceImpl:59 - Call method validateId() with id = 2000
2021-11-11 13:47:11 DEBUG UserServiceImpl:68 - Call method findAll()
2021-11-11 13:47:11 DEBUG UserServiceImpl:73 - Users are [User(id=2001, name=Mark, surname=Batmanov, email=redDragon@mail.ru, login=HelloWorld, password=1234, type=customer), User(id=2000, name=Dennis, surname=Yudin, email=dennisYudin@mail.ru, login=Big boss, password=0000, type=customer)]
2021-11-11 13:47:11 DEBUG UserServiceImpl:84 - Call method save() for user with id = 2002
2021-11-11 13:47:11 DEBUG UserServiceImpl:59 - Call method validateId() with id = 2002
2021-11-11 13:47:11 DEBUG UserServiceImpl:68 - Call method findAll()
2021-11-11 13:47:11 DEBUG UserServiceImpl:73 - Users are [User(id=2000, name=Dennis, surname=Yudin, email=dennisYudin@mail.ru, login=Big boss, password=0000, type=customer)]
2021-11-11 13:47:11 DEBUG UserServiceImpl:113 - Call method getAllEventsByUserId() with id = 165
2021-11-11 13:47:11 DEBUG UserServiceImpl:59 - Call method validateId() with id = 165
2021-11-11 13:47:11 DEBUG UserServiceImpl:120 - Events are []
2021-11-11 13:47:11 DEBUG UserServiceImpl:39 - Call method getById() with id = 2000
2021-11-11 13:47:11 DEBUG UserServiceImpl:59 - Call method validateId() with id = 2000
2021-11-11 13:47:11 DEBUG UserServiceImpl:46 - User is User(id=2000, name=Dennis, surname=Yudin, email=dennisYudin@mail.ru, login=Big boss, password=0000, type=customer)
2021-11-11 13:47:11 DEBUG UserServiceImpl:98 - Call method delete() with id = -1
2021-11-11 13:47:11 DEBUG UserServiceImpl:59 - Call method validateId() with id = -1
2021-11-11 13:47:11 ERROR UserServiceImpl:61 - id can not be less or equals zero
2021-11-11 13:47:11 DEBUG UserServiceImpl:68 - Call method findAll()
2021-11-11 13:47:11 DEBUG UserServiceImpl:73 - Users are [User(id=2000, name=Dennis, surname=Yudin, email=dennisYudin@mail.ru, login=Big boss, password=0000, type=customer), User(id=2001, name=Mark, surname=Batmanov, email=redDragon@mail.ru, login=HelloWorld, password=1234, type=customer)]
2021-11-11 13:47:11 DEBUG UserServiceImpl:39 - Call method getById() with id = -1
2021-11-11 13:47:11 DEBUG UserServiceImpl:59 - Call method validateId() with id = -1
2021-11-11 13:47:11 ERROR UserServiceImpl:61 - id can not be less or equals zero
2021-11-11 13:47:11 DEBUG UserServiceImpl:98 - Call method delete() with id = 2000
2021-11-11 13:47:11 DEBUG UserServiceImpl:59 - Call method validateId() with id = 2000
2021-11-11 13:47:11 DEBUG UserServiceImpl:104 - User with id = 2000 is deleted in DB
